<?xml version="1.0" encoding="UTF-8"?>
<!-- Generated by org.testng.reporters.JUnitXMLReporter -->
<testsuite ignored="0" hostname="narsaiahs-MacBook-Pro.local" failures="0" tests="6" name="Test" time="0.036" errors="0" timestamp="2020-06-22T13:39:03 CDT">
  <testcase classname="qaclickacademy.Mavenjava.RESTAPITest" name="deleteTwitter" time="0.004"/>
  <testcase classname="qaclickacademy.Mavenjava.RESTAPITest" name="postJira" time="0.0"/>
  <testcase classname="qaclickacademy.Mavenjava.AppiumTest" name="iosApps" time="0.0"/>
  <testcase classname="qaclickacademy.Mavenjava.AppiumTest" name="nativeAppAndroid" time="0.001"/>
  <testcase classname="qaclickacademy.Mavenjava.SeleniumTest" name="BrowserAutomation" time="0.001"/>
  <testcase classname="qaclickacademy.Mavenjava.SeleniumTest" name="elementsUi" time="0.0"/>
</testsuite> <!-- Test -->
